<?xml version="1.0" encoding="UTF-8"?>
<testsuite xmlns:xsi="http://www.w3.org/2001/XMLSchema-instance" xsi:noNamespaceSchemaLocation="https://maven.apache.org/surefire/maven-surefire-plugin/xsd/surefire-test-report.xsd" name="za.ac.cput.adp_groupassignment1.CalculatorTest" time="0.718" tests="5" errors="0" skipped="1" failures="1">
  <properties>
[...]
</properties>
  <testcase name="testObjectIdentity" classname="za.ac.cput.adp_groupassignment1.CalculatorTest" time="0.284"/>
  <testcase name="testTimeOut" classname="za.ac.cput.adp_groupassignment1.CalculatorTest" time="0.211"/>
  <testcase name="testObjectEquality" classname="za.ac.cput.adp_groupassignment1.CalculatorTest" time="0.09"/>
  <testcase name="testFail" classname="za.ac.cput.adp_groupassignment1.CalculatorTest" time="0.052">
    <failure message="expected: &lt;11&gt; but was: &lt;15&gt;" type="org.opentest4j.AssertionFailedError"><![CDATA[org.opentest4j.AssertionFailedError: expected: <11> but was: <15>
	at za.ac.cput.adp_groupassignment1.CalculatorTest.testFail(CalculatorTest.java:57)
]]></failure>
  </testcase>
  <testcase name="testDisabling" classname="za.ac.cput.adp_groupassignment1.CalculatorTest" time="0">
    <skipped message="Disable the test"/>
  </testcase>
</testsuite>