<?xml version="1.0" encoding="UTF-8" ?>
<testsuite tests="3" failures="1" name="za.ac.cput.adp_groupassignment1.TestingTest" time="0.114" errors="0" skipped="0">
  <properties>
[...]
</properties>
  <testcase classname="za.ac.cput.adp_groupassignment1.TestingTest" name="za.ac.cput.adp_groupassignment1.TestingTest.testAdd" time="0.11">
    <failure message="The test case is a prototype." type="org.opentest4j.AssertionFailedError">org.opentest4j.AssertionFailedError: The test case is a prototype.
	at org.junit.jupiter.api.AssertionUtils.fail(AssertionUtils.java:39)
	at org.junit.jupiter.api.Assertions.fail(Assertions.java:134)
	at za.ac.cput.adp_groupassignment1.TestingTest.testAdd(TestingTest.java:57)
</failure>
    <system-out>add
</system-out>
  </testcase>
  <testcase classname="za.ac.cput.adp_groupassignment1.TestingTest" name="za.ac.cput.adp_groupassignment1.TestingTest.testEquality" time="0"/>
  <testcase classname="za.ac.cput.adp_groupassignment1.TestingTest" name="za.ac.cput.adp_groupassignment1.TestingTest.testIdenty" time="0.004"/>
</testsuite>