-------------------------------------------------------------------------------
Test set: za.ac.cput.adp_groupassignment1.CalculatorTest
-------------------------------------------------------------------------------
Tests run: 5, Failures: 1, Errors: 0, Skipped: 1, Time elapsed: 0.718 s <<< FAILURE! - in za.ac.cput.adp_groupassignment1.CalculatorTest
testFail  Time elapsed: 0.052 s  <<< FAILURE!
org.opentest4j.AssertionFailedError: expected: <11> but was: <15>
	at za.ac.cput.adp_groupassignment1.CalculatorTest.testFail(CalculatorTest.java:57)

